<?xml version="1.0" encoding="UTF-8"?>
<robot generator="Robot 6.0.1 (Python 3.11.0 on win32)" generated="20230216 21:29:27.055" rpa="false" schemaversion="3">
<suite id="s1" name="Projeto Automa-o Didatikos" source="C:\Users\Cliente\Documents\Projetos\Projeto_Automa-o_Didatikos">
<suite id="s1-s1" name="Projeto Automa-o Didatikos" source="C:\Users\Cliente\Documents\Projetos\Projeto_Automa-o_Didatikos\Projeto_Automa-o_Didatikos">
<suite id="s1-s1-s1" name="Didatikos Automation Test Web" source="C:\Users\Cliente\Documents\Projetos\Projeto_Automa-o_Didatikos\Projeto_Automa-o_Didatikos\didatikos_automation_test_web">
<suite id="s1-s1-s1-s1" name="Tests" source="C:\Users\Cliente\Documents\Projetos\Projeto_Automa-o_Didatikos\Projeto_Automa-o_Didatikos\didatikos_automation_test_web\tests">
<suite id="s1-s1-s1-s1-s1" name="gerenciarAvaliacoesTestes" source="C:\Users\Cliente\Documents\Projetos\Projeto_Automa-o_Didatikos\Projeto_Automa-o_Didatikos\didatikos_automation_test_web\tests\gerenciarAvaliacoesTestes.robot">
<test id="s1-s1-s1-s1-s1-t1" name="Validar Avaliacoes Online" line="19">
<kw name="Iniciar testes" library="baseTestes" type="SETUP">
<kw name="Set Browser Timeout" library="Browser">
<var>${old_timeout}</var>
<arg>30 seconds</arg>
<tag>Config</tag>
<tag>Setter</tag>
<doc>Sets the timeout used by most input and getter keywords.</doc>
<msg timestamp="20230216 21:29:29.486" level="INFO">${old_timeout} = 10 seconds</msg>
<status status="PASS" starttime="20230216 21:29:29.477" endtime="20230216 21:29:29.486"/>
</kw>
<kw name="Open Browser" library="Browser">
<arg>http://didatikos-hmg.didatikos.com.br/ava/login</arg>
<arg>headless=False</arg>
<tag>BrowserControl</tag>
<tag>Setter</tag>
<doc>Opens a new browser instance. Use this keyword for quick experiments or debugging sessions.</doc>
<msg timestamp="20230216 21:29:29.489" level="WARN">Open Browser is for quick experimentation and debugging only. Use New Page for production.</msg>
<msg timestamp="20230216 21:29:29.493" level="INFO">{"browser": "chromium", "headless": false, "devtools": false, "handleSIGHUP": true, "handleSIGINT": true, "handleSIGTERM": true, "slowMo": 0.0, "timeout": 30000.0, "deprecated_pos_args": [], "tracesDir": "C:\\Users\\Cliente\\Documents\\Projetos\\Projeto_Automa-o_Didatikos\\results\\browser\\traces\\9fdd7b7b-4c4a-425c-9c88-9425d7752231"}</msg>
<msg timestamp="20230216 21:29:33.269" level="INFO">Successfully created browser with options: {"browser":"chromium","headless":false,"devtools":false,"handleSIGHUP":true,"handleSIGINT":true,"handleSIGTERM":true,"slowMo":0,"timeout":30000,"deprecated_pos_args":[],"tracesDir":"C:\\Users\\Cliente\\Documents\\Projetos\\Projeto_Automa-o_Didatikos\\results\\browser\\traces\\9fdd7b7b-4c4a-425c-9c88-9425d7752231"}</msg>
<msg timestamp="20230216 21:29:33.270" level="INFO">{
  "acceptDownloads": true,
  "bypassCSP": true,
  "forcedColors": "none",
  "hideRfBrowser": false,
  "ignoreHTTPSErrors": false,
  "javaScriptEnabled": true,
  "offline": false,
  "reducedMotion": "no-preference",
  "viewport": {
    "width": 1280,
    "height": 720
  },
  "deprecated_pos_args": []
}</msg>
<msg timestamp="20230216 21:29:33.348" level="INFO">Successfully created context. </msg>
<msg timestamp="20230216 21:29:33.349" level="INFO">{'acceptDownloads': True, 'bypassCSP': True, 'forcedColors': 'none', 'hideRfBrowser': False, 'ignoreHTTPSErrors': False, 'javaScriptEnabled': True, 'offline': False, 'reducedMotion': 'no-preference', 'viewport': {'width': 1280, 'height': 720}, 'deprecated_pos_args': []}</msg>
<msg timestamp="20230216 21:29:39.175" level="INFO">Successfully initialized new page object and opened url: http://didatikos-hmg.didatikos.com.br/ava/login</msg>
<status status="PASS" starttime="20230216 21:29:29.487" endtime="20230216 21:29:39.179"/>
</kw>
<kw name="Set Browser Timeout" library="Browser">
<arg>${old_timeout}</arg>
<tag>Config</tag>
<tag>Setter</tag>
<doc>Sets the timeout used by most input and getter keywords.</doc>
<msg timestamp="20230216 21:29:39.189" level="INFO">Set timeout to: 10000</msg>
<status status="PASS" starttime="20230216 21:29:39.181" endtime="20230216 21:29:39.189"/>
</kw>
<status status="PASS" starttime="20230216 21:29:29.476" endtime="20230216 21:29:39.191"/>
</kw>
<kw name="Login com perfil Escola" library="loginPage">
<kw name="Preencher login" library="loginPage">
<arg>didatikoseduca@gmail.com</arg>
<arg>carlos2912</arg>
<kw name="Get Title" library="Browser">
<arg>==</arg>
<arg>Login - Didatikos</arg>
<tag>Assertion</tag>
<tag>Getter</tag>
<tag>PageContent</tag>
<doc>Returns the title of the current page.</doc>
<status status="PASS" starttime="20230216 21:29:39.239" endtime="20230216 21:29:39.247"/>
</kw>
<kw name="Fill Text" library="Browser">
<arg>id=email</arg>
<arg>${VALUE_EMAIL}</arg>
<tag>PageContent</tag>
<tag>Setter</tag>
<doc>Clears and fills the given ``txt`` into the text field found by ``selector``.</doc>
<msg timestamp="20230216 21:29:39.248" level="INFO">Fills the text 'didatikoseduca@gmail.com' in the given field.</msg>
<status status="PASS" starttime="20230216 21:29:39.248" endtime="20230216 21:29:39.454"/>
</kw>
<kw name="Fill Text" library="Browser">
<arg>id=password</arg>
<arg>${VALUE_SENHA}</arg>
<tag>PageContent</tag>
<tag>Setter</tag>
<doc>Clears and fills the given ``txt`` into the text field found by ``selector``.</doc>
<msg timestamp="20230216 21:29:39.456" level="INFO">Fills the text 'carlos2912' in the given field.</msg>
<status status="PASS" starttime="20230216 21:29:39.454" endtime="20230216 21:29:39.512"/>
</kw>
<kw name="Click" library="Browser">
<arg>xpath=//button</arg>
<tag>PageContent</tag>
<tag>Setter</tag>
<doc>Simulates mouse click on the element found by ``selector``.</doc>
<status status="PASS" starttime="20230216 21:29:39.513" endtime="20230216 21:29:39.625"/>
</kw>
<status status="PASS" starttime="20230216 21:29:39.237" endtime="20230216 21:29:39.625"/>
</kw>
<kw name="Verificar login com sucesso perfil escola" library="loginPage">
<kw name="Get Element" library="Browser">
<arg>xpath=//title[text()='Página Inicial - Didatikos']</arg>
<tag>Getter</tag>
<tag>PageContent</tag>
<doc>Returns a reference to a Playwright [https://playwright.dev/docs/api/class-locator|Locator].</doc>
<msg timestamp="20230216 21:29:43.310" level="INFO">Locator found successfully.</msg>
<status status="PASS" starttime="20230216 21:29:39.627" endtime="20230216 21:29:43.311"/>
</kw>
<kw name="Take Screenshot" library="Browser">
<tag>PageContent</tag>
<doc>Takes a screenshot of the current window or element and saves it to disk.</doc>
<msg timestamp="20230216 21:29:43.850" level="INFO" html="true">&lt;/td&gt;&lt;/tr&gt;&lt;tr&gt;&lt;td colspan="3"&gt;&lt;a href="browser/screenshot/robotframework-browser-screenshot-1.png"&gt;&lt;img src="browser/screenshot/robotframework-browser-screenshot-1.png" width="800px"&gt;&lt;/a&gt;</msg>
<status status="PASS" starttime="20230216 21:29:43.318" endtime="20230216 21:29:43.854"/>
</kw>
<status status="PASS" starttime="20230216 21:29:39.625" endtime="20230216 21:29:43.855"/>
</kw>
<status status="PASS" starttime="20230216 21:29:39.237" endtime="20230216 21:29:43.856"/>
</kw>
<kw name="Acessar Avaliações / Simulados" library="homeEscolaPage" sourcename="Acessar ${BTN_ACOES_HOME}">
<kw name="Click" library="Browser">
<arg>xpath=//*[@class='f-16 text-bold px-15px'][text()='${BTN_ACOES_HOME}']</arg>
<tag>PageContent</tag>
<tag>Setter</tag>
<doc>Simulates mouse click on the element found by ``selector``.</doc>
<status status="PASS" starttime="20230216 21:29:43.875" endtime="20230216 21:29:44.682"/>
</kw>
<status status="PASS" starttime="20230216 21:29:43.874" endtime="20230216 21:29:44.685"/>
</kw>
<kw name="Verificar pagina avaliacoes on line" library="gerenciarAvaliacoesPage">
<kw name="Click" library="Browser">
<arg>xpath=(//*[@id="app"]//p)[2]</arg>
<tag>PageContent</tag>
<tag>Setter</tag>
<doc>Simulates mouse click on the element found by ``selector``.</doc>
<status status="PASS" starttime="20230216 21:29:44.689" endtime="20230216 21:29:47.088"/>
</kw>
<kw name="Get Element" library="Browser">
<arg>xpath=(//*[contains(text(),'Criar Avaliação Online')]) [1]</arg>
<tag>Getter</tag>
<tag>PageContent</tag>
<doc>Returns a reference to a Playwright [https://playwright.dev/docs/api/class-locator|Locator].</doc>
<msg timestamp="20230216 21:29:47.925" level="INFO">Locator found successfully.</msg>
<status status="PASS" starttime="20230216 21:29:47.089" endtime="20230216 21:29:47.926"/>
</kw>
<status status="PASS" starttime="20230216 21:29:44.688" endtime="20230216 21:29:47.926"/>
</kw>
<status status="PASS" starttime="20230216 21:29:29.471" endtime="20230216 21:29:47.972"/>
</test>
<status status="PASS" starttime="20230216 21:29:27.166" endtime="20230216 21:29:48.634"/>
</suite>
<status status="PASS" starttime="20230216 21:29:27.143" endtime="20230216 21:29:48.762"/>
</suite>
<status status="PASS" starttime="20230216 21:29:27.134" endtime="20230216 21:29:48.770"/>
</suite>
<status status="PASS" starttime="20230216 21:29:27.123" endtime="20230216 21:29:48.781"/>
</suite>
<status status="PASS" starttime="20230216 21:29:27.066" endtime="20230216 21:29:48.788"/>
</suite>
<statistics>
<total>
<stat pass="1" fail="0" skip="0">All Tests</stat>
</total>
<tag>
</tag>
<suite>
<stat pass="1" fail="0" skip="0" id="s1" name="Projeto Automa-o Didatikos">Projeto Automa-o Didatikos</stat>
<stat pass="1" fail="0" skip="0" id="s1-s1" name="Projeto Automa-o Didatikos">Projeto Automa-o Didatikos.Projeto Automa-o Didatikos</stat>
<stat pass="1" fail="0" skip="0" id="s1-s1-s1" name="Didatikos Automation Test Web">Projeto Automa-o Didatikos.Projeto Automa-o Didatikos.Didatikos Automation Test Web</stat>
<stat pass="1" fail="0" skip="0" id="s1-s1-s1-s1" name="Tests">Projeto Automa-o Didatikos.Projeto Automa-o Didatikos.Didatikos Automation Test Web.Tests</stat>
<stat pass="1" fail="0" skip="0" id="s1-s1-s1-s1-s1" name="gerenciarAvaliacoesTestes">Projeto Automa-o Didatikos.Projeto Automa-o Didatikos.Didatikos Automation Test Web.Tests.gerenciarAvaliacoesTestes</stat>
</suite>
</statistics>
<errors>
<msg timestamp="20230216 21:29:29.489" level="WARN">Open Browser is for quick experimentation and debugging only. Use New Page for production.</msg>
</errors>
</robot>
